<?xml version="1.0" encoding="utf-8"?><testsuites name="pytest tests"><testsuite name="pytest" errors="0" failures="0" skipped="0" tests="10" time="0.958" timestamp="2026-05-12T00:43:04.124711+00:00" hostname="agent-env-c2373da1-c25d-4b36-84ed-9c42032e0961"><testcase classname="backend.tests.backend_test.TestRoot" name="test_root_returns_200" time="0.252" /><testcase classname="backend.tests.backend_test.TestContact" name="test_create_contact_success_and_persistence" time="0.131" /><testcase classname="backend.tests.backend_test.TestContact" name="test_datenschutz_false_returns_400" time="0.056" /><testcase classname="backend.tests.backend_test.TestContact" name="test_invalid_email_returns_422" time="0.050" /><testcase classname="backend.tests.backend_test.TestContact" name="test_missing_required_fields_returns_422[vorname]" time="0.047" /><testcase classname="backend.tests.backend_test.TestContact" name="test_missing_required_fields_returns_422[nachname]" time="0.046" /><testcase classname="backend.tests.backend_test.TestContact" name="test_missing_required_fields_returns_422[email]" time="0.048" /><testcase classname="backend.tests.backend_test.TestContact" name="test_missing_required_fields_returns_422[nachricht]" time="0.050" /><testcase classname="backend.tests.backend_test.TestContact" name="test_telefon_optional" time="0.048" /><testcase classname="backend.tests.backend_test.TestContact" name="test_list_contact_no_mongo_id" time="0.049" /></testsuite></testsuites>